<?xml version="1.0" encoding="UTF-8"?>
<testsuite xmlns:xsi="http://www.w3.org/2001/XMLSchema-instance" xsi:noNamespaceSchemaLocation="https://maven.apache.org/surefire/maven-surefire-plugin/xsd/surefire-test-report-3.0.xsd" version="3.0" name="LogTests" time="0.125" tests="4" errors="0" skipped="0" failures="0">
  <properties>
[...]
</properties>
  <testcase name="getInstance" classname="LogTests" time="0.031"/>
  <testcase name="LogTest1" classname="LogTests" time="0.016"/>
  <testcase name="LogTest2" classname="LogTests" time="0"/>
  <testcase name="LogTest3" classname="LogTests" time="0"/>
</testsuite>